----------

Wed Feb 01 2023 11:28:07 GMT+0100 (czas środkowoeuropejski standardowy)

fatal: not a git repository (or any of the parent directories): .git


----------

Wed Feb 01 2023 11:28:07 GMT+0100 (czas środkowoeuropejski standardowy)

fatal: not a git repository (or any of the parent directories): .git


----------

Wed Feb 01 2023 11:28:07 GMT+0100 (czas środkowoeuropejski standardowy)

fatal: not a git repository (or any of the parent directories): .git


----------

Wed Feb 01 2023 11:37:46 GMT+0100 (czas środkowoeuropejski standardowy)

warning: in the working copy of 'assets/bootstrap/css/bootstrap.min.css', LF will be replaced by CRLF the next time Git touches it


----------

Wed Feb 01 2023 11:37:46 GMT+0100 (czas środkowoeuropejski standardowy)

warning: in the working copy of 'assets/bootstrap/js/bootstrap.min.js', LF will be replaced by CRLF the next time Git touches it


----------

Wed Feb 01 2023 11:37:46 GMT+0100 (czas środkowoeuropejski standardowy)

warning: in the working copy of 'assets/css/Animated-Type-Heading.css', LF will be replaced by CRLF the next time Git touches it


----------

Wed Feb 01 2023 11:37:46 GMT+0100 (czas środkowoeuropejski standardowy)

warning: in the working copy of 'assets/css/animate.min.css', LF will be replaced by CRLF the next time Git touches it


----------

Wed Feb 01 2023 11:37:46 GMT+0100 (czas środkowoeuropejski standardowy)

warning: in the working copy of 'assets/fonts/font-awesome.min.css', LF will be replaced by CRLF the next time Git touches it


----------

Wed Feb 01 2023 11:37:46 GMT+0100 (czas środkowoeuropejski standardowy)

warning: in the working copy of 'assets/fonts/fontawesome-webfont.svg', LF will be replaced by CRLF the next time Git touches it


----------

Wed Feb 01 2023 11:37:46 GMT+0100 (czas środkowoeuropejski standardowy)

warning: in the working copy of 'assets/fonts/typicons.svg', LF will be replaced by CRLF the next time Git touches it


----------

Wed Feb 01 2023 11:37:46 GMT+0100 (czas środkowoeuropejski standardowy)

warning: in the working copy of 'assets/js/Animated-Type-Heading-type-headline.js', LF will be replaced by CRLF the next time Git touches it


----------

Wed Feb 01 2023 11:37:46 GMT+0100 (czas środkowoeuropejski standardowy)

warning: in the working copy of 'assets/js/bs-init.js', LF will be replaced by CRLF the next time Git touches it


----------

Wed Feb 01 2023 11:37:46 GMT+0100 (czas środkowoeuropejski standardowy)

warning: in the working copy of 'assets/js/freelancer.js', LF will be replaced by CRLF the next time Git touches it


----------

Wed Feb 01 2023 11:37:46 GMT+0100 (czas środkowoeuropejski standardowy)

warning: in the working copy of 'index.html', LF will be replaced by CRLF the next time Git touches it


----------

Wed Feb 01 2023 11:38:10 GMT+0100 (czas środkowoeuropejski standardowy)

Everything up-to-date


